0 info it worked if it ends with ok
1 verbose cli [ '/usr/bin/nodejs', '/usr/bin/npm', 'run', 'build' ]
2 info using npm@3.5.2
3 info using node@v4.2.6
4 verbose run-script [ 'prebuild', 'build', 'postbuild' ]
5 info lifecycle eiad-front@1.0.0~prebuild: eiad-front@1.0.0
6 silly lifecycle eiad-front@1.0.0~prebuild: no script for prebuild, continuing
7 info lifecycle eiad-front@1.0.0~build: eiad-front@1.0.0
8 verbose lifecycle eiad-front@1.0.0~build: unsafe-perm in lifecycle true
9 verbose lifecycle eiad-front@1.0.0~build: PATH: /usr/share/npm/bin/node-gyp-bin:/mnt/c/Users/juan-/Desktop/ProyectoWeb/eiad-front/node_modules/.bin:/usr/local/sbin:/usr/local/bin:/usr/sbin:/usr/bin:/sbin:/bin:/usr/games:/usr/local/games:/mnt/c/Program Files (x86)/Common Files/Oracle/Java/javapath_target_499504125:/mnt/c/ProgramData/Oracle/Java/javapath_target_77523593:/mnt/c/Windows/System32:/mnt/c/Windows:/mnt/c/Windows/System32/wbem:/mnt/c/Windows/System32/WindowsPowerShell/v1.0:/mnt/c/Program Files/nodejs:/mnt/c/Program Files/PuTTY:/mnt/c/Program Files (x86)/GtkSharp/2.12/bin:/mnt/c/xampp/php:/mnt/c/ProgramData/ComposerSetup/bin:/mnt/c/Windows/System32/OpenSSH:/mnt/c/Go/bin:/mnt/c/Program Files (x86)/Microsoft SQL Server/100/Tools/Binn:/mnt/c/Program Files (x86)/Microsoft SQL Server/100/DTS/Binn:/mnt/c/Program Files (x86)/Compac/SDK/librerias interfaz:/mnt/c/Program Files (x86)/GtkSharp/2.12/bin:/mnt/c/Users/juan-/AppData/Local/Programs/Python/Python36-32/Scripts:/mnt/c/Users/juan-/AppData/Local/Programs/Python/Python36-32:/mnt/c/Program Files/nodejs/node_modules/npm/bin:/mnt/c/Users/juan-/AppData/Local/atom/bin:/mnt/c/Users/juan-/AppData/Local/GitHubDesktop/bin:/mnt/c/Users/juan-/AppData/Roaming/Composer/vendor/bin:/mnt/c/Users/juan-/AppData/Roaming/npm:/mnt/c/Program Files/Docker Toolbox:/mnt/c/Users/juan-/AppData/Local/Microsoft/WindowsApps:/snap/bin
10 verbose lifecycle eiad-front@1.0.0~build: CWD: /mnt/c/Users/juan-/Desktop/ProyectoWeb/eiad-front
11 silly lifecycle eiad-front@1.0.0~build: Args: [ '-c', 'webpack' ]
12 silly lifecycle eiad-front@1.0.0~build: Returned: code: 1  signal: null
13 info lifecycle eiad-front@1.0.0~build: Failed to exec build script
14 verbose stack Error: eiad-front@1.0.0 build: `webpack`
14 verbose stack Exit status 1
14 verbose stack     at EventEmitter.<anonymous> (/usr/share/npm/lib/utils/lifecycle.js:232:16)
14 verbose stack     at emitTwo (events.js:87:13)
14 verbose stack     at EventEmitter.emit (events.js:172:7)
14 verbose stack     at ChildProcess.<anonymous> (/usr/share/npm/lib/utils/spawn.js:24:14)
14 verbose stack     at emitTwo (events.js:87:13)
14 verbose stack     at ChildProcess.emit (events.js:172:7)
14 verbose stack     at maybeClose (internal/child_process.js:821:16)
14 verbose stack     at Process.ChildProcess._handle.onexit (internal/child_process.js:211:5)
15 verbose pkgid eiad-front@1.0.0
16 verbose cwd /mnt/c/Users/juan-/Desktop/ProyectoWeb/eiad-front
17 error Linux 4.4.0-17134-Microsoft
18 error argv "/usr/bin/nodejs" "/usr/bin/npm" "run" "build"
19 error node v4.2.6
20 error npm  v3.5.2
21 error code ELIFECYCLE
22 error eiad-front@1.0.0 build: `webpack`
22 error Exit status 1
23 error Failed at the eiad-front@1.0.0 build script 'webpack'.
23 error Make sure you have the latest version of node.js and npm installed.
23 error If you do, this is most likely a problem with the eiad-front package,
23 error not with npm itself.
23 error Tell the author that this fails on your system:
23 error     webpack
23 error You can get information on how to open an issue for this project with:
23 error     npm bugs eiad-front
23 error Or if that isn't available, you can get their info via:
23 error     npm owner ls eiad-front
23 error There is likely additional logging output above.
24 verbose exit [ 1, true ]
